0 info it worked if it ends with ok
1 verbose cli [ 'C:\\bin\\node.exe',
1 verbose cli   'C:\\bin\\node_modules\\npm\\bin\\npm-cli.js',
1 verbose cli   'run',
1 verbose cli   'start' ]
2 info using npm@3.9.5
3 info using node@v6.2.2
4 verbose run-script [ 'prestart', 'start', 'poststart' ]
5 info lifecycle c4@1.0.0~prestart: c4@1.0.0
6 silly lifecycle c4@1.0.0~prestart: no script for prestart, continuing
7 info lifecycle c4@1.0.0~start: c4@1.0.0
8 verbose lifecycle c4@1.0.0~start: unsafe-perm in lifecycle true
9 verbose lifecycle c4@1.0.0~start: PATH: C:\bin\node_modules\npm\bin\node-gyp-bin;C:\xampp\htdocs\fadev12\c4\node_modules\.bin;C:\bin;C:\bin\cmder\bin;C:\bin\cmder\vendor\git-for-windows\bin;C:\bin\cmder\vendor\git-for-windows\usr\bin;C:\bin\cmder\vendor\git-for-windows\share\vim\vim74;C:\bin\cmder\vendor\conemu-maximus5\ConEmu\Scripts;C:\bin\cmder\vendor\conemu-maximus5;C:\bin\cmder\vendor\conemu-maximus5\ConEmu;C:\ProgramData\Oracle\Java\javapath;C:\Program Files (x86)\Intel\iCLS Client\;C:\Program Files\Intel\iCLS Client\;C:\Windows\system32;C:\Windows;C:\Windows\System32\Wbem;C:\Windows\System32\WindowsPowerShell\v1.0\;C:\Program Files\Intel\WiFi\bin\;C:\Program Files\Common Files\Intel\WirelessCommon\;C:\Program Files (x86)\NVIDIA Corporation\PhysX\Common;C:\Program Files (x86)\Intel\Intel(R) Management Engine Components\DAL;C:\Program Files\Intel\Intel(R) Management Engine Components\DAL;C:\Program Files (x86)\Intel\Intel(R) Management Engine Components\IPT;C:\Program Files\Intel\Intel(R) Management Engine Components\IPT;C:\cmder;C:\xampp\php;C:\bin;C:\WINDOWS\system32;C:\WINDOWS;C:\WINDOWS\System32\Wbem;C:\WINDOWS\System32\WindowsPowerShell\v1.0\;C:\xampp\mysql\bin;C:\Program Files\Java\jdk1.7.0_79\bin;C:\bin\sqlite3;C:\MinGW\bin;C:\Program Files\Sublime Text 3;C:\Program Files (x86)\Skype\Phone\;C:\bin\git-flow;C:\HashiCorp\Vagrant\bin;C:\xampp\pg\bin;C:\bin\Scripts;C:\bin\Python27;C:\bin\Python27\Lib\site-packages\fabric;C:\bin\Python27\Scripts;C:\bin\;C:\Ruby22\bin;C:\ProgramData\chocolatey\bin;;C:\Users\Antoine\AppData\Roaming\npm;D:\Docker Toolbox;C:\bin\cmder
10 verbose lifecycle c4@1.0.0~start: CWD: C:\xampp\htdocs\fadev12\c4
11 silly lifecycle c4@1.0.0~start: Args: [ '/d /s /c', 'nodemon server.js' ]
12 silly lifecycle c4@1.0.0~start: Returned: code: 1  signal: null
13 info lifecycle c4@1.0.0~start: Failed to exec start script
14 verbose stack Error: c4@1.0.0 start: `nodemon server.js`
14 verbose stack Exit status 1
14 verbose stack     at EventEmitter.<anonymous> (C:\bin\node_modules\npm\lib\utils\lifecycle.js:245:16)
14 verbose stack     at emitTwo (events.js:106:13)
14 verbose stack     at EventEmitter.emit (events.js:191:7)
14 verbose stack     at ChildProcess.<anonymous> (C:\bin\node_modules\npm\lib\utils\spawn.js:24:14)
14 verbose stack     at emitTwo (events.js:106:13)
14 verbose stack     at ChildProcess.emit (events.js:191:7)
14 verbose stack     at maybeClose (internal/child_process.js:852:16)
14 verbose stack     at Process.ChildProcess._handle.onexit (internal/child_process.js:215:5)
15 verbose pkgid c4@1.0.0
16 verbose cwd C:\xampp\htdocs\fadev12\c4
17 error Windows_NT 10.0.10586
18 error argv "C:\\bin\\node.exe" "C:\\bin\\node_modules\\npm\\bin\\npm-cli.js" "run" "start"
19 error node v6.2.2
20 error npm  v3.9.5
21 error code ELIFECYCLE
22 error c4@1.0.0 start: `nodemon server.js`
22 error Exit status 1
23 error Failed at the c4@1.0.0 start script 'nodemon server.js'.
23 error Make sure you have the latest version of node.js and npm installed.
23 error If you do, this is most likely a problem with the c4 package,
23 error not with npm itself.
23 error Tell the author that this fails on your system:
23 error     nodemon server.js
23 error You can get information on how to open an issue for this project with:
23 error     npm bugs c4
23 error Or if that isn't available, you can get their info via:
23 error     npm owner ls c4
23 error There is likely additional logging output above.
24 verbose exit [ 1, true ]
